[WARN]  Running against a source checkout. In order to get our runtime dependencies we'll have to invoke Maven. Depending on the state of your system, this may take ~30-45 seconds
[DEBUG]  Running 'mvn -B -pl site.ycsb:rocksdb-binding -am package -DskipTests dependency:list -DoutputAbsoluteArtifactFilename -DappendOutput=false -DoutputFile=/mnt/d/rocksdb_bench/tmp/tmp3b7g5s70'
WARNING: A restricted method in java.lang.System has been called
WARNING: java.lang.System::load has been called by org.fusesource.jansi.internal.JansiLoader in an unnamed module (file:/opt/maven/lib/jansi-2.4.1.jar)
WARNING: Use --enable-native-access=ALL-UNNAMED to avoid a warning for callers in this module
WARNING: Restricted methods will be blocked in a future release unless native access is enabled

WARNING: A terminally deprecated method in sun.misc.Unsafe has been called
WARNING: sun.misc.Unsafe::objectFieldOffset has been called by com.google.common.util.concurrent.AbstractFuture$UnsafeAtomicHelper (file:/opt/maven/lib/guava-33.2.1-jre.jar)
WARNING: Please consider reporting this to the maintainers of class com.google.common.util.concurrent.AbstractFuture$UnsafeAtomicHelper
WARNING: sun.misc.Unsafe::objectFieldOffset will be removed in a future release
[INFO] Scanning for projects...
[INFO] ------------------------------------------------------------------------
[INFO] Reactor Build Order:
[INFO] 
[INFO] YCSB Root                                                          [pom]
[INFO] Core YCSB                                                          [jar]
[INFO] Per Datastore Binding descriptor                                   [jar]
[INFO] YCSB Datastore Binding Parent                                      [pom]
[INFO] RocksDB Java Binding                                               [jar]
[INFO] 
[INFO] ---------------------------< site.ycsb:root >---------------------------
[INFO] Building YCSB Root 0.18.0-SNAPSHOT                                 [1/5]
[INFO]   from pom.xml
[INFO] --------------------------------[ pom ]---------------------------------
[INFO] 
[INFO] --- enforcer:3.0.0-M1:enforce (enforce-maven) @ root ---
[INFO] 
[INFO] --- checkstyle:2.16:check (validate) @ root ---
[INFO] 
[INFO] --- dependency:3.7.0:list (default-cli) @ root ---
[INFO] 
[INFO] ---------------------------< site.ycsb:core >---------------------------
[INFO] Building Core YCSB 0.18.0-SNAPSHOT                                 [2/5]
[INFO]   from core/pom.xml
[INFO] --------------------------------[ jar ]---------------------------------
[INFO] 
[INFO] --- enforcer:3.0.0-M1:enforce (enforce-maven) @ core ---
[INFO] 
[INFO] --- checkstyle:2.16:check (validate) @ core ---
[INFO] 
[INFO] --- resources:3.3.1:resources (default-resources) @ core ---
[INFO] Copying 1 resource from src/main/resources to target/classes
[INFO] The encoding used to copy filtered properties files have not been set. This means that the same encoding will be used to copy filtered properties files as when copying other filtered resources. This might not be what you want! Run your build with --debug to see which files might be affected. Read more at https://maven.apache.org/plugins/maven-resources-plugin/examples/filtering-properties-files.html
[INFO] 
[INFO] --- compiler:3.7.0:compile (default-compile) @ core ---
[INFO] Changes detected - recompiling the module!
[INFO] Compiling 63 source files to /home/meet/ycsb/YCSB/core/target/classes
[INFO] /home/meet/ycsb/YCSB/core/src/main/java/site/ycsb/DBFactory.java: Some input files use or override a deprecated API.
[INFO] /home/meet/ycsb/YCSB/core/src/main/java/site/ycsb/DBFactory.java: Recompile with -Xlint:deprecation for details.
[INFO] 
[INFO] --- resources:3.3.1:testResources (default-testResources) @ core ---
[INFO] skip non existing resourceDirectory /home/meet/ycsb/YCSB/core/src/test/resources
[INFO] 
[INFO] --- compiler:3.7.0:testCompile (default-testCompile) @ core ---
[INFO] Nothing to compile - all classes are up to date
[INFO] 
[INFO] --- surefire:3.2.5:test (default-test) @ core ---
[INFO] Tests are skipped.
[INFO] 
[INFO] --- jar:3.4.1:jar (default-jar) @ core ---
[INFO] Building jar: /home/meet/ycsb/YCSB/core/target/core-0.18.0-SNAPSHOT.jar
[INFO] 
[INFO] --- dependency:3.7.0:list (default-cli) @ core ---
[INFO] Can't extract module name from htrace-core4-4.1.0-incubating.jar: Provider class com.fasterxml.jackson.core.JsonFactory not in JAR file htrace-core4-4.1.0-incubating.jar
[INFO] 
[INFO] --------------< site.ycsb:datastore-specific-descriptor >---------------
[INFO] Building Per Datastore Binding descriptor 0.18.0-SNAPSHOT          [3/5]
[INFO]   from binding-parent/datastore-specific-descriptor/pom.xml
[INFO] --------------------------------[ jar ]---------------------------------
[INFO] 
[INFO] --- enforcer:3.0.0-M1:enforce (enforce-maven) @ datastore-specific-descriptor ---
[INFO] 
[INFO] --- checkstyle:2.16:check (validate) @ datastore-specific-descriptor ---
[INFO] 
[INFO] --- resources:3.3.1:resources (default-resources) @ datastore-specific-descriptor ---
[INFO] Copying 1 resource from src/main/resources to target/classes
[INFO] 
[INFO] --- compiler:3.7.0:compile (default-compile) @ datastore-specific-descriptor ---
[INFO] No sources to compile
[INFO] 
[INFO] --- resources:3.3.1:testResources (default-testResources) @ datastore-specific-descriptor ---
[INFO] skip non existing resourceDirectory /home/meet/ycsb/YCSB/binding-parent/datastore-specific-descriptor/src/test/resources
[INFO] 
[INFO] --- compiler:3.7.0:testCompile (default-testCompile) @ datastore-specific-descriptor ---
[INFO] No sources to compile
[INFO] 
[INFO] --- surefire:3.2.5:test (default-test) @ datastore-specific-descriptor ---
[INFO] Tests are skipped.
[INFO] 
[INFO] --- jar:3.4.1:jar (default-jar) @ datastore-specific-descriptor ---
[INFO] 
[INFO] --- dependency:3.7.0:list (default-cli) @ datastore-specific-descriptor ---
[INFO] Can't extract module name from htrace-core4-4.1.0-incubating.jar: Provider class com.fasterxml.jackson.core.JsonFactory not in JAR file htrace-core4-4.1.0-incubating.jar
[INFO] 
[INFO] ----------------------< site.ycsb:binding-parent >----------------------
[INFO] Building YCSB Datastore Binding Parent 0.18.0-SNAPSHOT             [4/5]
[INFO]   from binding-parent/pom.xml
[INFO] --------------------------------[ pom ]---------------------------------
[INFO] 
[INFO] --- enforcer:3.0.0-M1:enforce (enforce-maven) @ binding-parent ---
[INFO] 
[INFO] --- checkstyle:2.16:check (validate) @ binding-parent ---
[INFO] 
[INFO] --- dependency:2.10:copy-dependencies (stage-dependencies) @ binding-parent ---
[INFO] 
[INFO] --- dependency:2.10:list (default-cli) @ binding-parent ---
[INFO] 
[INFO] ---------------------< site.ycsb:rocksdb-binding >----------------------
[INFO] Building RocksDB Java Binding 0.18.0-SNAPSHOT                      [5/5]
[INFO]   from rocksdb/pom.xml
[INFO] --------------------------------[ jar ]---------------------------------
[INFO] 
[INFO] --- enforcer:3.0.0-M1:enforce (enforce-maven) @ rocksdb-binding ---
[INFO] 
[INFO] --- checkstyle:2.16:check (validate) @ rocksdb-binding ---
[INFO] 
[INFO] --- resources:3.3.1:resources (default-resources) @ rocksdb-binding ---
[INFO] skip non existing resourceDirectory /home/meet/ycsb/YCSB/rocksdb/src/main/resources
[INFO] 
[INFO] --- compiler:3.7.0:compile (default-compile) @ rocksdb-binding ---
[INFO] Changes detected - recompiling the module!
[INFO] Compiling 2 source files to /home/meet/ycsb/YCSB/rocksdb/target/classes
[INFO] 
[INFO] --- resources:3.3.1:testResources (default-testResources) @ rocksdb-binding ---
[INFO] Copying 1 resource from src/test/resources to target/test-classes
[INFO] 
[INFO] --- compiler:3.7.0:testCompile (default-testCompile) @ rocksdb-binding ---
[INFO] Nothing to compile - all classes are up to date
[INFO] 
[INFO] --- surefire:3.2.5:test (default-test) @ rocksdb-binding ---
[INFO] Tests are skipped.
[INFO] 
[INFO] --- jar:3.4.1:jar (default-jar) @ rocksdb-binding ---
[INFO] Building jar: /home/meet/ycsb/YCSB/rocksdb/target/rocksdb-binding-0.18.0-SNAPSHOT.jar
[INFO] 
[INFO] --- dependency:2.10:copy-dependencies (stage-dependencies) @ rocksdb-binding ---
[INFO] org.slf4j:slf4j-api:jar:1.7.25 already exists in destination.
[INFO] net.jcip:jcip-annotations:jar:1.0 already exists in destination.
[INFO] org.slf4j:slf4j-simple:jar:1.7.25 already exists in destination.
[INFO] org.rocksdb:rocksdbjni:jar:6.2.2 already exists in destination.
[INFO] 
[INFO] --- assembly:2.5.5:single (default) @ rocksdb-binding ---
[WARNING] The following patterns were never triggered in this artifact exclusion filter:
o  '*:sources'

[INFO] Building tar: /home/meet/ycsb/YCSB/rocksdb/target/ycsb-rocksdb-binding-0.18.0-SNAPSHOT.tar.gz
[INFO] 
[INFO] --- dependency:2.10:list (default-cli) @ rocksdb-binding ---
[INFO] ------------------------------------------------------------------------
[INFO] Reactor Summary for YCSB Root 0.18.0-SNAPSHOT:
[INFO] 
[INFO] YCSB Root .......................................... SUCCESS [  1.331 s]
[INFO] Core YCSB .......................................... SUCCESS [  1.922 s]
[INFO] Per Datastore Binding descriptor ................... SUCCESS [  0.133 s]
[INFO] YCSB Datastore Binding Parent ...................... SUCCESS [  0.266 s]
[INFO] RocksDB Java Binding ............................... SUCCESS [  0.950 s]
[INFO] ------------------------------------------------------------------------
[INFO] BUILD SUCCESS
[INFO] ------------------------------------------------------------------------
[INFO] Total time:  4.976 s
[INFO] Finished at: 2026-07-04T20:17:21Z
[INFO] ------------------------------------------------------------------------
java -cp /home/meet/ycsb/YCSB/rocksdb/conf:/home/meet/ycsb/YCSB/rocksdb/target/rocksdb-binding-0.18.0-SNAPSHOT.jar:/home/meet/.m2/repository/org/apache/htrace/htrace-core4/4.1.0-incubating/htrace-core4-4.1.0-incubating.jar:/home/meet/.m2/repository/org/slf4j/slf4j-api/1.7.25/slf4j-api-1.7.25.jar:/home/meet/.m2/repository/org/hdrhistogram/HdrHistogram/2.1.12/HdrHistogram-2.1.12.jar:/home/meet/.m2/repository/net/jcip/jcip-annotations/1.0/jcip-annotations-1.0.jar:/home/meet/.m2/repository/org/codehaus/jackson/jackson-mapper-asl/1.9.4/jackson-mapper-asl-1.9.4.jar:/home/meet/.m2/repository/org/slf4j/slf4j-simple/1.7.25/slf4j-simple-1.7.25.jar:/home/meet/.m2/repository/org/rocksdb/rocksdbjni/6.2.2/rocksdbjni-6.2.2.jar:/home/meet/.m2/repository/org/codehaus/jackson/jackson-core-asl/1.9.4/jackson-core-asl-1.9.4.jar:/home/meet/ycsb/YCSB/core/target/core-0.18.0-SNAPSHOT.jar site.ycsb.Client -db site.ycsb.db.rocksdb.RocksDBClient -P workloads/workloada -p rocksdb.dir=/mnt/d/rocksdb_bench/db -p recordcount=10000000 -p operationcount=1000000 -p threadcount=8 -t
Command line: -db site.ycsb.db.rocksdb.RocksDBClient -P workloads/workloada -p rocksdb.dir=/mnt/d/rocksdb_bench/db -p recordcount=10000000 -p operationcount=1000000 -p threadcount=8 -t
YCSB Client 0.18.0-SNAPSHOT

Loading workload...
Starting test.
[Thread-1] INFO site.ycsb.db.rocksdb.RocksDBClient - RocksDB data dir: /mnt/d/rocksdb_bench/db
WARNING: A restricted method in java.lang.System has been called
WARNING: java.lang.System::loadLibrary has been called by org.rocksdb.RocksDB in an unnamed module (file:/home/meet/.m2/repository/org/rocksdb/rocksdbjni/6.2.2/rocksdbjni-6.2.2.jar)
WARNING: Use --enable-native-access=ALL-UNNAMED to avoid a warning for callers in this module
WARNING: Restricted methods will be blocked in a future release unless native access is enabled

DBWrapper: report latency for each error is false and specific error codes to track for latency are: []
[OVERALL], RunTime(ms), 386995
[OVERALL], Throughput(ops/sec), 2584.0127133425494
[TOTAL_GCS_G1_Young_Generation], Count, 81
[TOTAL_GC_TIME_G1_Young_Generation], Time(ms), 133
[TOTAL_GC_TIME_%_G1_Young_Generation], Time(%), 0.03436736908745591
[TOTAL_GCS_G1_Concurrent_GC], Count, 0
[TOTAL_GC_TIME_G1_Concurrent_GC], Time(ms), 0
[TOTAL_GC_TIME_%_G1_Concurrent_GC], Time(%), 0.0
[TOTAL_GCS_G1_Old_Generation], Count, 0
[TOTAL_GC_TIME_G1_Old_Generation], Time(ms), 0
[TOTAL_GC_TIME_%_G1_Old_Generation], Time(%), 0.0
[TOTAL_GCs], Count, 81
[TOTAL_GC_TIME], Time(ms), 133
[TOTAL_GC_TIME_%], Time(%), 0.03436736908745591
[READ], Operations, 498992
[READ], AverageLatency(us), 2556.248174319428
[READ], MinLatency(us), 1
[READ], MaxLatency(us), 169087
[READ], 50thPercentileLatency(us), 2751
[READ], 95thPercentileLatency(us), 5847
[READ], 99thPercentileLatency(us), 6715
[READ], Return=OK, 498992
[CLEANUP], Operations, 8
[CLEANUP], AverageLatency(us), 36306.75
[CLEANUP], MinLatency(us), 2
[CLEANUP], MaxLatency(us), 290559
[CLEANUP], 50thPercentileLatency(us), 3
[CLEANUP], 95thPercentileLatency(us), 290559
[CLEANUP], 99thPercentileLatency(us), 290559
[UPDATE], Operations, 501008
[UPDATE], AverageLatency(us), 3563.534252946061
[UPDATE], MinLatency(us), 290
[UPDATE], MaxLatency(us), 240511
[UPDATE], 50thPercentileLatency(us), 3711
[UPDATE], 95thPercentileLatency(us), 6919
[UPDATE], 99thPercentileLatency(us), 7851
[UPDATE], Return=OK, 501008
